# JRE version: OpenJDK Runtime Environment (17.0.10) (build 17.0.10+0--11572160)
# Java VM: OpenJDK 64-Bit Server VM (17.0.10+0--11572160, mixed mode, tiered, compressed oops, compressed class ptrs, g1 gc, windows-amd64)
GC Precious Log:
 CPUs: 8 total, 8 available
 Memory: 7969M
 Large Page Support: Disabled
 NUMA Support: Disabled
 Compressed Oops: Enabled (32-bit)
 Heap Region Size: 1M
 Heap Min Capacity: 8M
 Heap Initial Capacity: 126M
 Heap Max Capacity: 2G
 Pre-touch: Disabled
 Parallel Workers: 8
 Concurrent Workers: 2
 Concurrent Refinement Workers: 8
 Periodic GC: Disabled
Heap:
 garbage-first heap   total 86016K, used 60054K [0x0000000080000000, 0x0000000100000000)
  region size 1024K, 17 young (17408K), 1 survivors (1024K)
 Metaspace       used 58878K, committed 59392K, reserved 1114112K
  class space    used 7848K, committed 8064K, reserved 1048576K
GC Heap History (20 events):
Event: 5.892 GC heap before
{Heap before GC invocations=4 (full 0):
 garbage-first heap   total 71680K, used 52826K [0x0000000080000000, 0x0000000100000000)
  region size 1024K, 42 young (43008K), 9 survivors (9216K)
 Metaspace       used 26530K, committed 26880K, reserved 1114112K
  class space    used 3459K, committed 3648K, reserved 1048576K
}
Event: 5.901 GC heap after
{Heap after GC invocations=5 (full 0):
 garbage-first heap   total 71680K, used 21129K [0x0000000080000000, 0x0000000100000000)
  region size 1024K, 3 young (3072K), 3 survivors (3072K)
 Metaspace       used 26530K, committed 26880K, reserved 1114112K
  class space    used 3459K, committed 3648K, reserved 1048576K
}
Event: 6.819 GC heap before
{Heap before GC invocations=5 (full 0):
 garbage-first heap   total 71680K, used 48777K [0x0000000080000000, 0x0000000100000000)
  region size 1024K, 30 young (30720K), 3 survivors (3072K)
 Metaspace       used 30828K, committed 31104K, reserved 1114112K
  class space    used 4162K, committed 4288K, reserved 1048576K
}
Event: 6.823 GC heap after
{Heap after GC invocations=6 (full 0):
 garbage-first heap   total 71680K, used 22879K [0x0000000080000000, 0x0000000100000000)
  region size 1024K, 2 young (2048K), 2 survivors (2048K)
 Metaspace       used 30828K, committed 31104K, reserved 1114112K
  class space    used 4162K, committed 4288K, reserved 1048576K
}
Event: 7.594 GC heap before
{Heap before GC invocations=6 (full 0):
 garbage-first heap   total 71680K, used 48479K [0x0000000080000000, 0x0000000100000000)
  region size 1024K, 29 young (29696K), 2 survivors (2048K)
 Metaspace       used 35783K, committed 36096K, reserved 1114112K
  class space    used 4827K, committed 4992K, reserved 1048576K
}
Event: 7.600 GC heap after
{Heap after GC invocations=7 (full 0):
 garbage-first heap   total 71680K, used 24730K [0x0000000080000000, 0x0000000100000000)
  region size 1024K, 4 young (4096K), 4 survivors (4096K)
 Metaspace       used 35783K, committed 36096K, reserved 1114112K
  class space    used 4827K, committed 4992K, reserved 1048576K
}
Event: 8.209 GC heap before
{Heap before GC invocations=8 (full 0):
 garbage-first heap   total 71680K, used 51354K [0x0000000080000000, 0x0000000100000000)
  region size 1024K, 31 young (31744K), 4 survivors (4096K)
 Metaspace       used 39678K, committed 40000K, reserved 1114112K
  class space    used 5234K, committed 5376K, reserved 1048576K
}
Event: 8.217 GC heap after
{Heap after GC invocations=9 (full 0):
 garbage-first heap   total 71680K, used 27721K [0x0000000080000000, 0x0000000100000000)
  region size 1024K, 4 young (4096K), 4 survivors (4096K)
 Metaspace       used 39678K, committed 40000K, reserved 1114112K
  class space    used 5234K, committed 5376K, reserved 1048576K
}
Event: 8.647 GC heap before
{Heap before GC invocations=9 (full 0):
 garbage-first heap   total 71680K, used 53321K [0x0000000080000000, 0x0000000100000000)
  region size 1024K, 29 young (29696K), 4 survivors (4096K)
 Metaspace       used 42388K, committed 42816K, reserved 1114112K
  class space    used 5570K, committed 5760K, reserved 1048576K
}
Event: 8.653 GC heap after
{Heap after GC invocations=10 (full 0):
 garbage-first heap   total 71680K, used 29546K [0x0000000080000000, 0x0000000100000000)
  region size 1024K, 2 young (2048K), 2 survivors (2048K)
 Metaspace       used 42388K, committed 42816K, reserved 1114112K
  class space    used 5570K, committed 5760K, reserved 1048576K
}
Event: 9.329 GC heap before
{Heap before GC invocations=10 (full 0):
 garbage-first heap   total 71680K, used 55146K [0x0000000080000000, 0x0000000100000000)
  region size 1024K, 27 young (27648K), 2 survivors (2048K)
 Metaspace       used 45729K, committed 46144K, reserved 1114112K
  class space    used 6129K, committed 6336K, reserved 1048576K
}
Event: 9.335 GC heap after
{Heap after GC invocations=11 (full 0):
 garbage-first heap   total 71680K, used 31091K [0x0000000080000000, 0x0000000100000000)
  region size 1024K, 4 young (4096K), 4 survivors (4096K)
 Metaspace       used 45729K, committed 46144K, reserved 1114112K
  class space    used 6129K, committed 6336K, reserved 1048576K
}
Event: 10.079 GC heap before
{Heap before GC invocations=11 (full 0):
 garbage-first heap   total 71680K, used 55667K [0x0000000080000000, 0x0000000100000000)
  region size 1024K, 28 young (28672K), 4 survivors (4096K)
 Metaspace       used 49174K, committed 49600K, reserved 1114112K
  class space    used 6675K, committed 6848K, reserved 1048576K
}
Event: 10.088 GC heap after
{Heap after GC invocations=12 (full 0):
 garbage-first heap   total 71680K, used 32346K [0x0000000080000000, 0x0000000100000000)
  region size 1024K, 3 young (3072K), 3 survivors (3072K)
 Metaspace       used 49174K, committed 49600K, reserved 1114112K
  class space    used 6675K, committed 6848K, reserved 1048576K
}
Event: 10.946 GC heap before
{Heap before GC invocations=12 (full 0):
 garbage-first heap   total 71680K, used 55898K [0x0000000080000000, 0x0000000100000000)
  region size 1024K, 26 young (26624K), 3 survivors (3072K)
 Metaspace       used 51161K, committed 51584K, reserved 1114112K
  class space    used 6931K, committed 7104K, reserved 1048576K
}
Event: 10.954 GC heap after
{Heap after GC invocations=13 (full 0):
 garbage-first heap   total 86016K, used 34279K [0x0000000080000000, 0x0000000100000000)
  region size 1024K, 4 young (4096K), 4 survivors (4096K)
 Metaspace       used 51161K, committed 51584K, reserved 1114112K
  class space    used 6931K, committed 7104K, reserved 1048576K
}
Event: 11.897 GC heap before
{Heap before GC invocations=13 (full 0):
 garbage-first heap   total 86016K, used 69095K [0x0000000080000000, 0x0000000100000000)
  region size 1024K, 35 young (35840K), 4 survivors (4096K)
 Metaspace       used 52801K, committed 53312K, reserved 1114112K
  class space    used 7108K, committed 7360K, reserved 1048576K
}
Event: 11.904 GC heap after
{Heap after GC invocations=14 (full 0):
 garbage-first heap   total 86016K, used 43045K [0x0000000080000000, 0x0000000100000000)
  region size 1024K, 5 young (5120K), 5 survivors (5120K)
 Metaspace       used 52801K, committed 53312K, reserved 1114112K
  class space    used 7108K, committed 7360K, reserved 1048576K
}
Event: 12.867 GC heap before
{Heap before GC invocations=14 (full 0):
 garbage-first heap   total 86016K, used 65573K [0x0000000080000000, 0x0000000100000000)
  region size 1024K, 27 young (27648K), 5 survivors (5120K)
 Metaspace       used 56132K, committed 56640K, reserved 1114112K
  class space    used 7546K, committed 7808K, reserved 1048576K
}
Event: 12.874 GC heap after
{Heap after GC invocations=15 (full 0):
 garbage-first heap   total 86016K, used 44694K [0x0000000080000000, 0x0000000100000000)
  region size 1024K, 1 young (1024K), 1 survivors (1024K)
 Metaspace       used 56132K, committed 56640K, reserved 1114112K
  class space    used 7546K, committed 7808K, reserved 1048576K
}

