# JRE version: OpenJDK Runtime Environment (17.0.10) (build 17.0.10+0--11572160)
# Java VM: OpenJDK 64-Bit Server VM (17.0.10+0--11572160, mixed mode, tiered, compressed oops, compressed class ptrs, g1 gc, windows-amd64)
GC Precious Log:
 CPUs: 8 total, 8 available
 Memory: 7969M
 Large Page Support: Disabled
 NUMA Support: Disabled
 Compressed Oops: Enabled (32-bit)
 Heap Region Size: 1M
 Heap Min Capacity: 8M
 Heap Initial Capacity: 126M
 Heap Max Capacity: 2G
 Pre-touch: Disabled
 Parallel Workers: 8
 Concurrent Workers: 2
 Concurrent Refinement Workers: 8
 Periodic GC: Disabled
Heap:
 garbage-first heap   total 378880K, used 198561K [0x0000000080000000, 0x0000000100000000)
  region size 1024K, 49 young (50176K), 2 survivors (2048K)
 Metaspace       used 146632K, committed 147328K, reserved 1179648K
  class space    used 17631K, committed 17920K, reserved 1048576K
GC Heap History (20 events):
Event: 122.162 GC heap before
{Heap before GC invocations=108 (full 0):
 garbage-first heap   total 378880K, used 331331K [0x0000000080000000, 0x0000000100000000)
  region size 1024K, 176 young (180224K), 6 survivors (6144K)
 Metaspace       used 146502K, committed 147200K, reserved 1179648K
  class space    used 17609K, committed 17920K, reserved 1048576K
}
Event: 122.167 GC heap after
{Heap after GC invocations=109 (full 0):
 garbage-first heap   total 378880K, used 159107K [0x0000000080000000, 0x0000000100000000)
  region size 1024K, 7 young (7168K), 7 survivors (7168K)
 Metaspace       used 146502K, committed 147200K, reserved 1179648K
  class space    used 17609K, committed 17920K, reserved 1048576K
}
Event: 122.350 GC heap before
{Heap before GC invocations=109 (full 0):
 garbage-first heap   total 378880K, used 335235K [0x0000000080000000, 0x0000000100000000)
  region size 1024K, 176 young (180224K), 7 survivors (7168K)
 Metaspace       used 146502K, committed 147200K, reserved 1179648K
  class space    used 17609K, committed 17920K, reserved 1048576K
}
Event: 122.356 GC heap after
{Heap after GC invocations=110 (full 0):
 garbage-first heap   total 378880K, used 162179K [0x0000000080000000, 0x0000000100000000)
  region size 1024K, 9 young (9216K), 9 survivors (9216K)
 Metaspace       used 146502K, committed 147200K, reserved 1179648K
  class space    used 17609K, committed 17920K, reserved 1048576K
}
Event: 122.562 GC heap before
{Heap before GC invocations=110 (full 0):
 garbage-first heap   total 378880K, used 330115K [0x0000000080000000, 0x0000000100000000)
  region size 1024K, 174 young (178176K), 9 survivors (9216K)
 Metaspace       used 146502K, committed 147200K, reserved 1179648K
  class space    used 17609K, committed 17920K, reserved 1048576K
}
Event: 122.567 GC heap after
{Heap after GC invocations=111 (full 0):
 garbage-first heap   total 378880K, used 159774K [0x0000000080000000, 0x0000000100000000)
  region size 1024K, 8 young (8192K), 8 survivors (8192K)
 Metaspace       used 146502K, committed 147200K, reserved 1179648K
  class space    used 17609K, committed 17920K, reserved 1048576K
}
Event: 122.806 GC heap before
{Heap before GC invocations=111 (full 0):
 garbage-first heap   total 378880K, used 331806K [0x0000000080000000, 0x0000000100000000)
  region size 1024K, 176 young (180224K), 8 survivors (8192K)
 Metaspace       used 146519K, committed 147264K, reserved 1179648K
  class space    used 17609K, committed 17920K, reserved 1048576K
}
Event: 122.811 GC heap after
{Heap after GC invocations=112 (full 0):
 garbage-first heap   total 378880K, used 160131K [0x0000000080000000, 0x0000000100000000)
  region size 1024K, 8 young (8192K), 8 survivors (8192K)
 Metaspace       used 146519K, committed 147264K, reserved 1179648K
  class space    used 17609K, committed 17920K, reserved 1048576K
}
Event: 123.084 GC heap before
{Heap before GC invocations=112 (full 0):
 garbage-first heap   total 378880K, used 331139K [0x0000000080000000, 0x0000000100000000)
  region size 1024K, 176 young (180224K), 8 survivors (8192K)
 Metaspace       used 146519K, committed 147264K, reserved 1179648K
  class space    used 17609K, committed 17920K, reserved 1048576K
}
Event: 123.091 GC heap after
{Heap after GC invocations=113 (full 0):
 garbage-first heap   total 378880K, used 161155K [0x0000000080000000, 0x0000000100000000)
  region size 1024K, 9 young (9216K), 9 survivors (9216K)
 Metaspace       used 146519K, committed 147264K, reserved 1179648K
  class space    used 17609K, committed 17920K, reserved 1048576K
}
Event: 123.433 GC heap before
{Heap before GC invocations=113 (full 0):
 garbage-first heap   total 378880K, used 337283K [0x0000000080000000, 0x0000000100000000)
  region size 1024K, 175 young (179200K), 9 survivors (9216K)
 Metaspace       used 146521K, committed 147264K, reserved 1179648K
  class space    used 17609K, committed 17920K, reserved 1048576K
}
Event: 123.439 GC heap after
{Heap after GC invocations=114 (full 0):
 garbage-first heap   total 378880K, used 169327K [0x0000000080000000, 0x0000000100000000)
  region size 1024K, 10 young (10240K), 10 survivors (10240K)
 Metaspace       used 146521K, committed 147264K, reserved 1179648K
  class space    used 17609K, committed 17920K, reserved 1048576K
}
Event: 123.692 GC heap before
{Heap before GC invocations=114 (full 0):
 garbage-first heap   total 378880K, used 330095K [0x0000000080000000, 0x0000000100000000)
  region size 1024K, 167 young (171008K), 10 survivors (10240K)
 Metaspace       used 146528K, committed 147264K, reserved 1179648K
  class space    used 17609K, committed 17920K, reserved 1048576K
}
Event: 123.697 GC heap after
{Heap after GC invocations=115 (full 0):
 garbage-first heap   total 378880K, used 158281K [0x0000000080000000, 0x0000000100000000)
  region size 1024K, 8 young (8192K), 8 survivors (8192K)
 Metaspace       used 146528K, committed 147264K, reserved 1179648K
  class space    used 17609K, committed 17920K, reserved 1048576K
}
Event: 123.933 GC heap before
{Heap before GC invocations=115 (full 0):
 garbage-first heap   total 378880K, used 331337K [0x0000000080000000, 0x0000000100000000)
  region size 1024K, 177 young (181248K), 8 survivors (8192K)
 Metaspace       used 146529K, committed 147264K, reserved 1179648K
  class space    used 17609K, committed 17920K, reserved 1048576K
}
Event: 123.937 GC heap after
{Heap after GC invocations=116 (full 0):
 garbage-first heap   total 378880K, used 155426K [0x0000000080000000, 0x0000000100000000)
  region size 1024K, 6 young (6144K), 6 survivors (6144K)
 Metaspace       used 146529K, committed 147264K, reserved 1179648K
  class space    used 17609K, committed 17920K, reserved 1048576K
}
Event: 124.277 GC heap before
{Heap before GC invocations=116 (full 0):
 garbage-first heap   total 378880K, used 332578K [0x0000000080000000, 0x0000000100000000)
  region size 1024K, 180 young (184320K), 6 survivors (6144K)
 Metaspace       used 146533K, committed 147264K, reserved 1179648K
  class space    used 17609K, committed 17920K, reserved 1048576K
}
Event: 124.281 GC heap after
{Heap after GC invocations=117 (full 0):
 garbage-first heap   total 378880K, used 155293K [0x0000000080000000, 0x0000000100000000)
  region size 1024K, 5 young (5120K), 5 survivors (5120K)
 Metaspace       used 146533K, committed 147264K, reserved 1179648K
  class space    used 17609K, committed 17920K, reserved 1048576K
}
Event: 126.062 GC heap before
{Heap before GC invocations=117 (full 0):
 garbage-first heap   total 378880K, used 337565K [0x0000000080000000, 0x0000000100000000)
  region size 1024K, 181 young (185344K), 5 survivors (5120K)
 Metaspace       used 146631K, committed 147328K, reserved 1179648K
  class space    used 17631K, committed 17920K, reserved 1048576K
}
Event: 126.064 GC heap after
{Heap after GC invocations=118 (full 0):
 garbage-first heap   total 378880K, used 151457K [0x0000000080000000, 0x0000000100000000)
  region size 1024K, 2 young (2048K), 2 survivors (2048K)
 Metaspace       used 146631K, committed 147328K, reserved 1179648K
  class space    used 17631K, committed 17920K, reserved 1048576K
}

