# JRE version: OpenJDK Runtime Environment (17.0.10) (build 17.0.10+0--11572160)
# Java VM: OpenJDK 64-Bit Server VM (17.0.10+0--11572160, mixed mode, tiered, compressed oops, compressed class ptrs, g1 gc, windows-amd64)
GC Precious Log:
 CPUs: 8 total, 8 available
 Memory: 7969M
 Large Page Support: Disabled
 NUMA Support: Disabled
 Compressed Oops: Enabled (32-bit)
 Heap Region Size: 1M
 Heap Min Capacity: 8M
 Heap Initial Capacity: 126M
 Heap Max Capacity: 2G
 Pre-touch: Disabled
 Parallel Workers: 8
 Concurrent Workers: 2
 Concurrent Refinement Workers: 8
 Periodic GC: Disabled
Heap:
 garbage-first heap   total 80896K, used 59925K [0x0000000080000000, 0x0000000100000000)
  region size 1024K, 12 young (12288K), 3 survivors (3072K)
 Metaspace       used 63655K, committed 64256K, reserved 1114112K
  class space    used 8486K, committed 8768K, reserved 1048576K
GC Heap History (20 events):
Event: 13.286 GC heap before
{Heap before GC invocations=16 (full 0):
 garbage-first heap   total 65536K, used 52535K [0x0000000080000000, 0x0000000100000000)
  region size 1024K, 23 young (23552K), 3 survivors (3072K)
 Metaspace       used 51170K, committed 51648K, reserved 1114112K
  class space    used 6926K, committed 7168K, reserved 1048576K
}
Event: 13.293 GC heap after
{Heap after GC invocations=17 (full 0):
 garbage-first heap   total 65536K, used 33932K [0x0000000080000000, 0x0000000100000000)
  region size 1024K, 3 young (3072K), 3 survivors (3072K)
 Metaspace       used 51170K, committed 51648K, reserved 1114112K
  class space    used 6926K, committed 7168K, reserved 1048576K
}
Event: 13.959 GC heap before
{Heap before GC invocations=17 (full 0):
 garbage-first heap   total 65536K, used 48268K [0x0000000080000000, 0x0000000100000000)
  region size 1024K, 19 young (19456K), 3 survivors (3072K)
 Metaspace       used 51664K, committed 52160K, reserved 1114112K
  class space    used 6970K, committed 7232K, reserved 1048576K
}
Event: 13.964 GC heap after
{Heap after GC invocations=18 (full 0):
 garbage-first heap   total 65536K, used 35013K [0x0000000080000000, 0x0000000100000000)
  region size 1024K, 2 young (2048K), 2 survivors (2048K)
 Metaspace       used 51664K, committed 52160K, reserved 1114112K
  class space    used 6970K, committed 7232K, reserved 1048576K
}
Event: 14.080 GC heap before
{Heap before GC invocations=19 (full 0):
 garbage-first heap   total 65536K, used 38085K [0x0000000080000000, 0x0000000100000000)
  region size 1024K, 5 young (5120K), 2 survivors (2048K)
 Metaspace       used 51780K, committed 52224K, reserved 1114112K
  class space    used 6981K, committed 7232K, reserved 1048576K
}
Event: 14.083 GC heap after
{Heap after GC invocations=20 (full 0):
 garbage-first heap   total 65536K, used 38219K [0x0000000080000000, 0x0000000100000000)
  region size 1024K, 3 young (3072K), 3 survivors (3072K)
 Metaspace       used 51780K, committed 52224K, reserved 1114112K
  class space    used 6981K, committed 7232K, reserved 1048576K
}
Event: 14.230 GC heap before
{Heap before GC invocations=21 (full 0):
 garbage-first heap   total 70656K, used 41291K [0x0000000080000000, 0x0000000100000000)
  region size 1024K, 7 young (7168K), 3 survivors (3072K)
 Metaspace       used 51793K, committed 52288K, reserved 1114112K
  class space    used 6981K, committed 7232K, reserved 1048576K
}
Event: 14.234 GC heap after
{Heap after GC invocations=22 (full 0):
 garbage-first heap   total 70656K, used 42004K [0x0000000080000000, 0x0000000100000000)
  region size 1024K, 2 young (2048K), 2 survivors (2048K)
 Metaspace       used 51793K, committed 52288K, reserved 1114112K
  class space    used 6981K, committed 7232K, reserved 1048576K
}
Event: 14.559 GC heap before
{Heap before GC invocations=23 (full 0):
 garbage-first heap   total 75776K, used 52244K [0x0000000080000000, 0x0000000100000000)
  region size 1024K, 12 young (12288K), 2 survivors (2048K)
 Metaspace       used 52979K, committed 53504K, reserved 1114112K
  class space    used 7138K, committed 7360K, reserved 1048576K
}
Event: 14.562 GC heap after
{Heap after GC invocations=24 (full 0):
 garbage-first heap   total 75776K, used 43573K [0x0000000080000000, 0x0000000100000000)
  region size 1024K, 2 young (2048K), 2 survivors (2048K)
 Metaspace       used 52979K, committed 53504K, reserved 1114112K
  class space    used 7138K, committed 7360K, reserved 1048576K
}
Event: 14.858 GC heap before
{Heap before GC invocations=24 (full 0):
 garbage-first heap   total 75776K, used 54837K [0x0000000080000000, 0x0000000100000000)
  region size 1024K, 13 young (13312K), 2 survivors (2048K)
 Metaspace       used 54507K, committed 55040K, reserved 1114112K
  class space    used 7374K, committed 7616K, reserved 1048576K
}
Event: 14.862 GC heap after
{Heap after GC invocations=25 (full 0):
 garbage-first heap   total 75776K, used 44060K [0x0000000080000000, 0x0000000100000000)
  region size 1024K, 1 young (1024K), 1 survivors (1024K)
 Metaspace       used 54507K, committed 55040K, reserved 1114112K
  class space    used 7374K, committed 7616K, reserved 1048576K
}
Event: 15.197 GC heap before
{Heap before GC invocations=26 (full 0):
 garbage-first heap   total 78848K, used 55324K [0x0000000080000000, 0x0000000100000000)
  region size 1024K, 13 young (13312K), 1 survivors (1024K)
 Metaspace       used 56518K, committed 57024K, reserved 1114112K
  class space    used 7599K, committed 7808K, reserved 1048576K
}
Event: 15.201 GC heap after
{Heap after GC invocations=27 (full 0):
 garbage-first heap   total 78848K, used 44453K [0x0000000080000000, 0x0000000100000000)
  region size 1024K, 1 young (1024K), 1 survivors (1024K)
 Metaspace       used 56518K, committed 57024K, reserved 1114112K
  class space    used 7599K, committed 7808K, reserved 1048576K
}
Event: 15.661 GC heap before
{Heap before GC invocations=27 (full 0):
 garbage-first heap   total 78848K, used 59813K [0x0000000080000000, 0x0000000100000000)
  region size 1024K, 16 young (16384K), 1 survivors (1024K)
 Metaspace       used 59168K, committed 59648K, reserved 1114112K
  class space    used 7879K, committed 8064K, reserved 1048576K
}
Event: 15.666 GC heap after
{Heap after GC invocations=28 (full 0):
 garbage-first heap   total 78848K, used 45186K [0x0000000080000000, 0x0000000100000000)
  region size 1024K, 2 young (2048K), 2 survivors (2048K)
 Metaspace       used 59168K, committed 59648K, reserved 1114112K
  class space    used 7879K, committed 8064K, reserved 1048576K
}
Event: 16.430 GC heap before
{Heap before GC invocations=29 (full 0):
 garbage-first heap   total 80896K, used 61570K [0x0000000080000000, 0x0000000100000000)
  region size 1024K, 18 young (18432K), 2 survivors (2048K)
 Metaspace       used 62065K, committed 62656K, reserved 1114112K
  class space    used 8302K, committed 8576K, reserved 1048576K
}
Event: 16.435 GC heap after
{Heap after GC invocations=30 (full 0):
 garbage-first heap   total 80896K, used 46147K [0x0000000080000000, 0x0000000100000000)
  region size 1024K, 3 young (3072K), 3 survivors (3072K)
 Metaspace       used 62065K, committed 62656K, reserved 1114112K
  class space    used 8302K, committed 8576K, reserved 1048576K
}
Event: 16.650 GC heap before
{Heap before GC invocations=30 (full 0):
 garbage-first heap   total 80896K, used 51267K [0x0000000080000000, 0x0000000100000000)
  region size 1024K, 10 young (10240K), 3 survivors (3072K)
 Metaspace       used 63653K, committed 64256K, reserved 1114112K
  class space    used 8486K, committed 8768K, reserved 1048576K
}
Event: 16.657 GC heap after
{Heap after GC invocations=31 (full 0):
 garbage-first heap   total 80896K, used 47637K [0x0000000080000000, 0x0000000100000000)
  region size 1024K, 3 young (3072K), 3 survivors (3072K)
 Metaspace       used 63653K, committed 64256K, reserved 1114112K
  class space    used 8486K, committed 8768K, reserved 1048576K
}

