# JRE version: OpenJDK Runtime Environment (17.0.10) (build 17.0.10+0--11572160)
# Java VM: OpenJDK 64-Bit Server VM (17.0.10+0--11572160, mixed mode, tiered, compressed oops, compressed class ptrs, g1 gc, windows-amd64)
GC Precious Log:
 CPUs: 8 total, 8 available
 Memory: 7969M
 Large Page Support: Disabled
 NUMA Support: Disabled
 Compressed Oops: Enabled (32-bit)
 Heap Region Size: 1M
 Heap Min Capacity: 8M
 Heap Initial Capacity: 126M
 Heap Max Capacity: 2G
 Pre-touch: Disabled
 Parallel Workers: 8
 Concurrent Workers: 2
 Concurrent Refinement Workers: 8
 Periodic GC: Disabled
Heap:
 garbage-first heap   total 135168K, used 77644K [0x0000000080000000, 0x0000000100000000)
  region size 1024K, 2 young (2048K), 2 survivors (2048K)
 Metaspace       used 93142K, committed 93760K, reserved 1179648K
  class space    used 12690K, committed 12992K, reserved 1048576K
GC Heap History (20 events):
Event: 17.506 GC heap after
{Heap after GC invocations=36 (full 0):
 garbage-first heap   total 104448K, used 55453K [0x0000000080000000, 0x0000000100000000)
  region size 1024K, 4 young (4096K), 4 survivors (4096K)
 Metaspace       used 72669K, committed 73280K, reserved 1114112K
  class space    used 9685K, committed 9984K, reserved 1048576K
}
Event: 17.888 GC heap before
{Heap before GC invocations=37 (full 0):
 garbage-first heap   total 104448K, used 71837K [0x0000000080000000, 0x0000000100000000)
  region size 1024K, 22 young (22528K), 4 survivors (4096K)
 Metaspace       used 74724K, committed 75328K, reserved 1179648K
  class space    used 9973K, committed 10240K, reserved 1048576K
}
Event: 17.895 GC heap after
{Heap after GC invocations=38 (full 0):
 garbage-first heap   total 104448K, used 56697K [0x0000000080000000, 0x0000000100000000)
  region size 1024K, 3 young (3072K), 3 survivors (3072K)
 Metaspace       used 74724K, committed 75328K, reserved 1179648K
  class space    used 9973K, committed 10240K, reserved 1048576K
}
Event: 18.709 GC heap before
{Heap before GC invocations=39 (full 0):
 garbage-first heap   total 104448K, used 84345K [0x0000000080000000, 0x0000000100000000)
  region size 1024K, 29 young (29696K), 3 survivors (3072K)
 Metaspace       used 78042K, committed 78720K, reserved 1179648K
  class space    used 10626K, committed 10944K, reserved 1048576K
}
Event: 18.718 GC heap after
{Heap after GC invocations=40 (full 0):
 garbage-first heap   total 125952K, used 58065K [0x0000000080000000, 0x0000000100000000)
  region size 1024K, 3 young (3072K), 3 survivors (3072K)
 Metaspace       used 78042K, committed 78720K, reserved 1179648K
  class space    used 10626K, committed 10944K, reserved 1048576K
}
Event: 20.022 GC heap before
{Heap before GC invocations=40 (full 0):
 garbage-first heap   total 125952K, used 99025K [0x0000000080000000, 0x0000000100000000)
  region size 1024K, 43 young (44032K), 3 survivors (3072K)
 Metaspace       used 82222K, committed 82816K, reserved 1179648K
  class space    used 11214K, committed 11520K, reserved 1048576K
}
Event: 20.031 GC heap after
{Heap after GC invocations=41 (full 0):
 garbage-first heap   total 125952K, used 60864K [0x0000000080000000, 0x0000000100000000)
  region size 1024K, 6 young (6144K), 6 survivors (6144K)
 Metaspace       used 82222K, committed 82816K, reserved 1179648K
  class space    used 11214K, committed 11520K, reserved 1048576K
}
Event: 21.287 GC heap before
{Heap before GC invocations=41 (full 0):
 garbage-first heap   total 125952K, used 99776K [0x0000000080000000, 0x0000000100000000)
  region size 1024K, 44 young (45056K), 6 survivors (6144K)
 Metaspace       used 87223K, committed 87872K, reserved 1179648K
  class space    used 11934K, committed 12288K, reserved 1048576K
}
Event: 21.298 GC heap after
{Heap after GC invocations=42 (full 0):
 garbage-first heap   total 125952K, used 63965K [0x0000000080000000, 0x0000000100000000)
  region size 1024K, 6 young (6144K), 6 survivors (6144K)
 Metaspace       used 87223K, committed 87872K, reserved 1179648K
  class space    used 11934K, committed 12288K, reserved 1048576K
}
Event: 22.030 GC heap before
{Heap before GC invocations=42 (full 0):
 garbage-first heap   total 125952K, used 90589K [0x0000000080000000, 0x0000000100000000)
  region size 1024K, 34 young (34816K), 6 survivors (6144K)
 Metaspace       used 89234K, committed 89856K, reserved 1179648K
  class space    used 12169K, committed 12480K, reserved 1048576K
}
Event: 22.044 GC heap after
{Heap after GC invocations=43 (full 0):
 garbage-first heap   total 125952K, used 68586K [0x0000000080000000, 0x0000000100000000)
  region size 1024K, 6 young (6144K), 6 survivors (6144K)
 Metaspace       used 89234K, committed 89856K, reserved 1179648K
  class space    used 12169K, committed 12480K, reserved 1048576K
}
Event: 23.328 GC heap before
{Heap before GC invocations=44 (full 0):
 garbage-first heap   total 125952K, used 102378K [0x0000000080000000, 0x0000000100000000)
  region size 1024K, 38 young (38912K), 6 survivors (6144K)
 Metaspace       used 92018K, committed 92672K, reserved 1179648K
  class space    used 12543K, committed 12864K, reserved 1048576K
}
Event: 23.341 GC heap after
{Heap after GC invocations=45 (full 0):
 garbage-first heap   total 125952K, used 72385K [0x0000000080000000, 0x0000000100000000)
  region size 1024K, 4 young (4096K), 4 survivors (4096K)
 Metaspace       used 92018K, committed 92672K, reserved 1179648K
  class space    used 12543K, committed 12864K, reserved 1048576K
}
Event: 23.882 GC heap before
{Heap before GC invocations=45 (full 0):
 garbage-first heap   total 125952K, used 102081K [0x0000000080000000, 0x0000000100000000)
  region size 1024K, 33 young (33792K), 4 survivors (4096K)
 Metaspace       used 92297K, committed 92928K, reserved 1179648K
  class space    used 12598K, committed 12928K, reserved 1048576K
}
Event: 23.892 GC heap after
{Heap after GC invocations=46 (full 0):
 garbage-first heap   total 125952K, used 74957K [0x0000000080000000, 0x0000000100000000)
  region size 1024K, 3 young (3072K), 3 survivors (3072K)
 Metaspace       used 92297K, committed 92928K, reserved 1179648K
  class space    used 12598K, committed 12928K, reserved 1048576K
}
Event: 24.530 GC heap before
{Heap before GC invocations=47 (full 0):
 garbage-first heap   total 135168K, used 101581K [0x0000000080000000, 0x0000000100000000)
  region size 1024K, 30 young (30720K), 3 survivors (3072K)
 Metaspace       used 92501K, committed 93184K, reserved 1179648K
  class space    used 12600K, committed 12928K, reserved 1048576K
}
Event: 24.536 GC heap after
{Heap after GC invocations=48 (full 0):
 garbage-first heap   total 135168K, used 76703K [0x0000000080000000, 0x0000000100000000)
  region size 1024K, 2 young (2048K), 2 survivors (2048K)
 Metaspace       used 92501K, committed 93184K, reserved 1179648K
  class space    used 12600K, committed 12928K, reserved 1048576K
}
Event: 24.638 GC heap before
{Heap before GC invocations=48 (full 0):
 garbage-first heap   total 135168K, used 80799K [0x0000000080000000, 0x0000000100000000)
  region size 1024K, 6 young (6144K), 2 survivors (2048K)
 Metaspace       used 92563K, committed 93248K, reserved 1179648K
  class space    used 12605K, committed 12928K, reserved 1048576K
}
Event: 24.643 GC heap after
{Heap after GC invocations=49 (full 0):
 garbage-first heap   total 135168K, used 76795K [0x0000000080000000, 0x0000000100000000)
  region size 1024K, 1 young (1024K), 1 survivors (1024K)
 Metaspace       used 92563K, committed 93248K, reserved 1179648K
  class space    used 12605K, committed 12928K, reserved 1048576K
}
Event: 25.142 GC heap before
{Heap before GC invocations=49 (full 0):
 garbage-first heap   total 135168K, used 94203K [0x0000000080000000, 0x0000000100000000)
  region size 1024K, 20 young (20480K), 1 survivors (1024K)
 Metaspace       used 93142K, committed 93760K, reserved 1179648K
  class space    used 12690K, committed 12992K, reserved 1048576K
}

