# JRE version: OpenJDK Runtime Environment (17.0.10) (build 17.0.10+0--11572160)
# Java VM: OpenJDK 64-Bit Server VM (17.0.10+0--11572160, mixed mode, tiered, compressed oops, compressed class ptrs, g1 gc, windows-amd64)
GC Precious Log:
 CPUs: 8 total, 8 available
 Memory: 7969M
 Large Page Support: Disabled
 NUMA Support: Disabled
 Compressed Oops: Enabled (32-bit)
 Heap Region Size: 1M
 Heap Min Capacity: 8M
 Heap Initial Capacity: 126M
 Heap Max Capacity: 2G
 Pre-touch: Disabled
 Parallel Workers: 8
 Concurrent Workers: 2
 Concurrent Refinement Workers: 8
 Periodic GC: Disabled
Heap:
 garbage-first heap   total 303104K, used 271590K [0x0000000080000000, 0x0000000100000000)
  region size 1024K, 86 young (88064K), 2 survivors (2048K)
 Metaspace       used 125517K, committed 126464K, reserved 1179648K
  class space    used 16784K, committed 17216K, reserved 1048576K
GC Heap History (20 events):
Event: 30.799 GC heap before
{Heap before GC invocations=48 (full 0):
 garbage-first heap   total 303104K, used 240857K [0x0000000080000000, 0x0000000100000000)
  region size 1024K, 124 young (126976K), 2 survivors (2048K)
 Metaspace       used 112501K, committed 113408K, reserved 1179648K
  class space    used 14921K, committed 15360K, reserved 1048576K
}
Event: 30.806 GC heap after
{Heap after GC invocations=49 (full 0):
 garbage-first heap   total 303104K, used 119148K [0x0000000080000000, 0x0000000100000000)
  region size 1024K, 4 young (4096K), 4 survivors (4096K)
 Metaspace       used 112501K, committed 113408K, reserved 1179648K
  class space    used 14921K, committed 15360K, reserved 1048576K
}
Event: 34.222 GC heap before
{Heap before GC invocations=49 (full 0):
 garbage-first heap   total 303104K, used 243052K [0x0000000080000000, 0x0000000100000000)
  region size 1024K, 126 young (129024K), 4 survivors (4096K)
 Metaspace       used 112825K, committed 113664K, reserved 1179648K
  class space    used 14927K, committed 15360K, reserved 1048576K
}
Event: 34.227 GC heap after
{Heap after GC invocations=50 (full 0):
 garbage-first heap   total 303104K, used 120428K [0x0000000080000000, 0x0000000100000000)
  region size 1024K, 6 young (6144K), 6 survivors (6144K)
 Metaspace       used 112825K, committed 113664K, reserved 1179648K
  class space    used 14927K, committed 15360K, reserved 1048576K
}
Event: 37.916 GC heap before
{Heap before GC invocations=50 (full 0):
 garbage-first heap   total 303104K, used 248428K [0x0000000080000000, 0x0000000100000000)
  region size 1024K, 132 young (135168K), 6 survivors (6144K)
 Metaspace       used 113277K, committed 114112K, reserved 1179648K
  class space    used 14942K, committed 15360K, reserved 1048576K
}
Event: 37.928 GC heap after
{Heap after GC invocations=51 (full 0):
 garbage-first heap   total 303104K, used 123030K [0x0000000080000000, 0x0000000100000000)
  region size 1024K, 8 young (8192K), 8 survivors (8192K)
 Metaspace       used 113277K, committed 114112K, reserved 1179648K
  class space    used 14942K, committed 15360K, reserved 1048576K
}
Event: 44.466 GC heap before
{Heap before GC invocations=52 (full 0):
 garbage-first heap   total 303104K, used 252054K [0x0000000080000000, 0x0000000100000000)
  region size 1024K, 135 young (138240K), 8 survivors (8192K)
 Metaspace       used 115242K, committed 116096K, reserved 1179648K
  class space    used 15154K, committed 15552K, reserved 1048576K
}
Event: 44.483 GC heap after
{Heap after GC invocations=53 (full 0):
 garbage-first heap   total 303104K, used 129344K [0x0000000080000000, 0x0000000100000000)
  region size 1024K, 14 young (14336K), 14 survivors (14336K)
 Metaspace       used 115242K, committed 116096K, reserved 1179648K
  class space    used 15154K, committed 15552K, reserved 1048576K
}
Event: 44.493 GC heap before
{Heap before GC invocations=53 (full 0):
 garbage-first heap   total 303104K, used 130368K [0x0000000080000000, 0x0000000100000000)
  region size 1024K, 15 young (15360K), 14 survivors (14336K)
 Metaspace       used 115247K, committed 116096K, reserved 1179648K
  class space    used 15154K, committed 15552K, reserved 1048576K
}
Event: 44.507 GC heap after
{Heap after GC invocations=54 (full 0):
 garbage-first heap   total 303104K, used 130531K [0x0000000080000000, 0x0000000100000000)
  region size 1024K, 2 young (2048K), 2 survivors (2048K)
 Metaspace       used 115247K, committed 116096K, reserved 1179648K
  class space    used 15154K, committed 15552K, reserved 1048576K
}
Event: 81.778 GC heap before
{Heap before GC invocations=54 (full 0):
 garbage-first heap   total 303104K, used 257507K [0x0000000080000000, 0x0000000100000000)
  region size 1024K, 122 young (124928K), 2 survivors (2048K)
 Metaspace       used 117073K, committed 117952K, reserved 1179648K
  class space    used 15307K, committed 15744K, reserved 1048576K
}
Event: 81.789 GC heap after
{Heap after GC invocations=55 (full 0):
 garbage-first heap   total 303104K, used 141321K [0x0000000080000000, 0x0000000100000000)
  region size 1024K, 9 young (9216K), 9 survivors (9216K)
 Metaspace       used 117073K, committed 117952K, reserved 1179648K
  class space    used 15307K, committed 15744K, reserved 1048576K
}
Event: 83.218 GC heap before
{Heap before GC invocations=55 (full 0):
 garbage-first heap   total 303104K, used 250889K [0x0000000080000000, 0x0000000100000000)
  region size 1024K, 117 young (119808K), 9 survivors (9216K)
 Metaspace       used 117108K, committed 118016K, reserved 1179648K
  class space    used 15312K, committed 15744K, reserved 1048576K
}
Event: 83.232 GC heap after
{Heap after GC invocations=56 (full 0):
 garbage-first heap   total 303104K, used 152311K [0x0000000080000000, 0x0000000100000000)
  region size 1024K, 15 young (15360K), 15 survivors (15360K)
 Metaspace       used 117108K, committed 118016K, reserved 1179648K
  class space    used 15312K, committed 15744K, reserved 1048576K
}
Event: 85.636 GC heap before
{Heap before GC invocations=56 (full 0):
 garbage-first heap   total 303104K, used 247543K [0x0000000080000000, 0x0000000100000000)
  region size 1024K, 108 young (110592K), 15 survivors (15360K)
 Metaspace       used 117109K, committed 118016K, reserved 1179648K
  class space    used 15312K, committed 15744K, reserved 1048576K
}
Event: 85.649 GC heap after
{Heap after GC invocations=57 (full 0):
 garbage-first heap   total 303104K, used 159002K [0x0000000080000000, 0x0000000100000000)
  region size 1024K, 6 young (6144K), 6 survivors (6144K)
 Metaspace       used 117109K, committed 118016K, reserved 1179648K
  class space    used 15312K, committed 15744K, reserved 1048576K
}
Event: 87.368 GC heap before
{Heap before GC invocations=58 (full 0):
 garbage-first heap   total 303104K, used 250138K [0x0000000080000000, 0x0000000100000000)
  region size 1024K, 95 young (97280K), 6 survivors (6144K)
 Metaspace       used 117107K, committed 118016K, reserved 1179648K
  class space    used 15312K, committed 15744K, reserved 1048576K
}
Event: 87.376 GC heap after
{Heap after GC invocations=59 (full 0):
 garbage-first heap   total 303104K, used 162122K [0x0000000080000000, 0x0000000100000000)
  region size 1024K, 9 young (9216K), 9 survivors (9216K)
 Metaspace       used 117107K, committed 118016K, reserved 1179648K
  class space    used 15312K, committed 15744K, reserved 1048576K
}
Event: 87.466 GC heap before
{Heap before GC invocations=59 (full 0):
 garbage-first heap   total 303104K, used 167242K [0x0000000080000000, 0x0000000100000000)
  region size 1024K, 14 young (14336K), 9 survivors (9216K)
 Metaspace       used 117107K, committed 118016K, reserved 1179648K
  class space    used 15312K, committed 15744K, reserved 1048576K
}
Event: 87.474 GC heap after
{Heap after GC invocations=60 (full 0):
 garbage-first heap   total 303104K, used 163046K [0x0000000080000000, 0x0000000100000000)
  region size 1024K, 2 young (2048K), 2 survivors (2048K)
 Metaspace       used 117107K, committed 118016K, reserved 1179648K
  class space    used 15312K, committed 15744K, reserved 1048576K
}

